d:\cheats\csgo\movement\hw\hotwheels.vip\intermediate\config.obj
d:\cheats\csgo\movement\hw\hotwheels.vip\intermediate\lock_cursor.obj
d:\cheats\csgo\movement\hw\hotwheels.vip\intermediate\aimbot.obj
d:\cheats\csgo\movement\hw\hotwheels.vip\intermediate\end_scene.obj
d:\cheats\csgo\movement\hw\hotwheels.vip\intermediate\connection_win.obj
d:\cheats\csgo\movement\hw\hotwheels.vip\intermediate\discord_rpc.obj
d:\cheats\csgo\movement\hw\hotwheels.vip\intermediate\visuals.obj
d:\cheats\csgo\movement\hw\hotwheels.vip\intermediate\draw_print_text.obj
d:\cheats\csgo\movement\hw\hotwheels.vip\intermediate\logging.obj
d:\cheats\csgo\movement\hw\hotwheels.vip\intermediate\world.obj
d:\cheats\csgo\movement\hw\hotwheels.vip\intermediate\hooks.obj
d:\cheats\csgo\movement\hw\hotwheels.vip\intermediate\imgui_stdlib.obj
d:\cheats\csgo\movement\hw\hotwheels.vip\intermediate\imgui_draw.obj
d:\cheats\csgo\movement\hw\hotwheels.vip\intermediate\key_handler.obj
d:\cheats\csgo\movement\hw\hotwheels.vip\intermediate\rpc.obj
d:\cheats\csgo\movement\hw\hotwheels.vip\intermediate\wnd_proc.obj
d:\cheats\csgo\movement\hw\hotwheels.vip\intermediate\serialization.obj
d:\cheats\csgo\movement\hw\hotwheels.vip\intermediate\imgui.obj
d:\cheats\csgo\movement\hw\hotwheels.vip\intermediate\movement.obj
d:\cheats\csgo\movement\hw\hotwheels.vip\intermediate\create_move.obj
d:\cheats\csgo\movement\hw\hotwheels.vip\intermediate\props.obj
d:\cheats\csgo\movement\hw\hotwheels.vip\intermediate\skins.obj
d:\cheats\csgo\movement\hw\hotwheels.vip\intermediate\reset.obj
d:\cheats\csgo\movement\hw\hotwheels.vip\intermediate\interfaces.obj
d:\cheats\csgo\movement\hw\hotwheels.vip\intermediate\esp.obj
d:\cheats\csgo\movement\hw\hotwheels.vip\intermediate\draw_model_execute.obj
d:\cheats\csgo\movement\hw\hotwheels.vip\intermediate\imgui_widgets.obj
d:\cheats\csgo\movement\hw\hotwheels.vip\intermediate\fonts.obj
d:\cheats\csgo\movement\hw\hotwheels.vip\intermediate\frame_stage_notify.obj
d:\cheats\csgo\movement\hw\hotwheels.vip\intermediate\discord_register_win.obj
d:\cheats\csgo\movement\hw\hotwheels.vip\intermediate\imgui_impl_dx9.obj
d:\cheats\csgo\movement\hw\hotwheels.vip\intermediate\imgui_impl_win32.obj
d:\cheats\csgo\movement\hw\hotwheels.vip\intermediate\misc.obj
d:\cheats\csgo\movement\hw\hotwheels.vip\intermediate\alloc_key_values_memory.obj
d:\cheats\csgo\movement\hw\hotwheels.vip\intermediate\rpc_connection.obj
d:\cheats\csgo\movement\hw\hotwheels.vip\intermediate\imgui_freetype.obj
d:\cheats\csgo\movement\hw\hotwheels.vip\intermediate\settings.obj
d:\cheats\csgo\movement\hw\hotwheels.vip\intermediate\push_notice.obj
d:\cheats\csgo\movement\hw\hotwheels.vip\intermediate\hotwheels.obj
d:\cheats\csgo\movement\hw\hotwheels.vip\intermediate\gui.obj
d:\cheats\csgo\movement\hw\hotwheels.vip\intermediate\vsnprintf.obj
d:\cheats\csgo\movement\hw\hotwheels.vip\intermediate\crc32.obj
d:\cheats\csgo\movement\hw\hotwheels.vip\intermediate\memory.obj
d:\cheats\csgo\movement\hw\hotwheels.vip\intermediate\file_system.obj
d:\cheats\csgo\movement\hw\hotwheels.vip\intermediate\key_values.obj
d:\cheats\csgo\movement\hw\hotwheels.vip\intermediate\vc143.pdb
d:\cheats\csgo\movement\hw\hotwheels.vip\intermediate\hde64.obj
d:\cheats\csgo\movement\hw\hotwheels.vip\intermediate\hde32.obj
d:\cheats\csgo\movement\hw\hotwheels.vip\intermediate\buffer.obj
d:\cheats\csgo\movement\hw\hotwheels.vip\intermediate\hook.obj
d:\cheats\csgo\movement\hw\hotwheels.vip\intermediate\trampoline.obj
d:\cheats\csgo\movement\hw\hotwheels.vip\intermediate\vc143.idb
d:\cheats\csgo\movement\hw\hotwheels.vip\output\debug\chungus.dll
d:\cheats\csgo\movement\hw\hotwheels.vip\intermediate\chungus.ilk
d:\cheats\csgo\movement\hw\hotwheels.vip\output\debug\chungus.pdb
d:\cheats\csgo\movement\hw\hotwheels.vip\intermediate\chungus.ipdb
d:\cheats\csgo\movement\hw\hotwheels.vip\intermediate\chungus.iobj
d:\cheats\csgo\movement\hw\hotwheels.vip\intermediate\hotwheels.vip.tlog\cl.command.1.tlog
d:\cheats\csgo\movement\hw\hotwheels.vip\intermediate\hotwheels.vip.tlog\cl.read.1.tlog
d:\cheats\csgo\movement\hw\hotwheels.vip\intermediate\hotwheels.vip.tlog\cl.write.1.tlog
d:\cheats\csgo\movement\hw\hotwheels.vip\intermediate\hotwheels.vip.tlog\link.command.1.tlog
d:\cheats\csgo\movement\hw\hotwheels.vip\intermediate\hotwheels.vip.tlog\link.read.1.tlog
d:\cheats\csgo\movement\hw\hotwheels.vip\intermediate\hotwheels.vip.tlog\link.write.1.tlog
